[2020-09-14 13:53:34] local.ERROR: could not find driver (SQL: select * from information_schema.tables where table_schema = sample01 and table_name = migrations and table_type = 'BASE TABLE') {"exception":"[object] (Illuminate\\Database\\QueryException(code: 0): could not find driver (SQL: select * from information_schema.tables where table_schema = sample01 and table_name = migrations and table_type = 'BASE TABLE') at /mnt/c/Users/nk29t/Desktop/Eic/vendor/laravel/framework/src/Illuminate/Database/Connection.php:671)
[stacktrace]
#0 /mnt/c/Users/nk29t/Desktop/Eic/vendor/laravel/framework/src/Illuminate/Database/Connection.php(631): Illuminate\\Database\\Connection->runQueryCallback()
#1 /mnt/c/Users/nk29t/Desktop/Eic/vendor/laravel/framework/src/Illuminate/Database/Connection.php(339): Illuminate\\Database\\Connection->run()
#2 /mnt/c/Users/nk29t/Desktop/Eic/vendor/laravel/framework/src/Illuminate/Database/Schema/MySqlBuilder.php(18): Illuminate\\Database\\Connection->select()
#3 /mnt/c/Users/nk29t/Desktop/Eic/vendor/laravel/framework/src/Illuminate/Database/Migrations/DatabaseMigrationRepository.php(169): Illuminate\\Database\\Schema\\MySqlBuilder->hasTable()
#4 /mnt/c/Users/nk29t/Desktop/Eic/vendor/laravel/framework/src/Illuminate/Database/Migrations/Migrator.php(608): Illuminate\\Database\\Migrations\\DatabaseMigrationRepository->repositoryExists()
#5 /mnt/c/Users/nk29t/Desktop/Eic/vendor/laravel/framework/src/Illuminate/Database/Console/Migrations/MigrateCommand.php(93): Illuminate\\Database\\Migrations\\Migrator->repositoryExists()
#6 /mnt/c/Users/nk29t/Desktop/Eic/vendor/laravel/framework/src/Illuminate/Database/Console/Migrations/MigrateCommand.php(64): Illuminate\\Database\\Console\\Migrations\\MigrateCommand->prepareDatabase()
#7 /mnt/c/Users/nk29t/Desktop/Eic/vendor/laravel/framework/src/Illuminate/Database/Migrations/Migrator.php(541): Illuminate\\Database\\Console\\Migrations\\MigrateCommand->Illuminate\\Database\\Console\\Migrations\\{closure}()
#8 /mnt/c/Users/nk29t/Desktop/Eic/vendor/laravel/framework/src/Illuminate/Database/Console/Migrations/MigrateCommand.php(81): Illuminate\\Database\\Migrations\\Migrator->usingConnection()
#9 [internal function]: Illuminate\\Database\\Console\\Migrations\\MigrateCommand->handle()
#10 /mnt/c/Users/nk29t/Desktop/Eic/vendor/laravel/framework/src/Illuminate/Container/BoundMethod.php(37): call_user_func_array()
#11 /mnt/c/Users/nk29t/Desktop/Eic/vendor/laravel/framework/src/Illuminate/Container/Util.php(37): Illuminate\\Container\\BoundMethod::Illuminate\\Container\\{closure}()
#12 /mnt/c/Users/nk29t/Desktop/Eic/vendor/laravel/framework/src/Illuminate/Container/BoundMethod.php(95): Illuminate\\Container\\Util::unwrapIfClosure()
#13 /mnt/c/Users/nk29t/Desktop/Eic/vendor/laravel/framework/src/Illuminate/Container/BoundMethod.php(39): Illuminate\\Container\\BoundMethod::callBoundMethod()
#14 /mnt/c/Users/nk29t/Desktop/Eic/vendor/laravel/framework/src/Illuminate/Container/Container.php(596): Illuminate\\Container\\BoundMethod::call()
#15 /mnt/c/Users/nk29t/Desktop/Eic/vendor/laravel/framework/src/Illuminate/Console/Command.php(134): Illuminate\\Container\\Container->call()
#16 /mnt/c/Users/nk29t/Desktop/Eic/vendor/symfony/console/Command/Command.php(258): Illuminate\\Console\\Command->execute()
#17 /mnt/c/Users/nk29t/Desktop/Eic/vendor/laravel/framework/src/Illuminate/Console/Command.php(121): Symfony\\Component\\Console\\Command\\Command->run()
#18 /mnt/c/Users/nk29t/Desktop/Eic/vendor/symfony/console/Application.php(916): Illuminate\\Console\\Command->run()
#19 /mnt/c/Users/nk29t/Desktop/Eic/vendor/symfony/console/Application.php(264): Symfony\\Component\\Console\\Application->doRunCommand()
#20 /mnt/c/Users/nk29t/Desktop/Eic/vendor/symfony/console/Application.php(140): Symfony\\Component\\Console\\Application->doRun()
#21 /mnt/c/Users/nk29t/Desktop/Eic/vendor/laravel/framework/src/Illuminate/Console/Application.php(93): Symfony\\Component\\Console\\Application->run()
#22 /mnt/c/Users/nk29t/Desktop/Eic/vendor/laravel/framework/src/Illuminate/Foundation/Console/Kernel.php(129): Illuminate\\Console\\Application->run()
#23 /mnt/c/Users/nk29t/Desktop/Eic/artisan(37): Illuminate\\Foundation\\Console\\Kernel->handle()
#24 {main}

[previous exception] [object] (PDOException(code: 0): could not find driver at /mnt/c/Users/nk29t/Desktop/Eic/vendor/laravel/framework/src/Illuminate/Database/Connectors/Connector.php:70)
[stacktrace]
#0 /mnt/c/Users/nk29t/Desktop/Eic/vendor/laravel/framework/src/Illuminate/Database/Connectors/Connector.php(70): PDO->__construct()
#1 /mnt/c/Users/nk29t/Desktop/Eic/vendor/laravel/framework/src/Illuminate/Database/Connectors/Connector.php(46): Illuminate\\Database\\Connectors\\Connector->createPdoConnection()
#2 /mnt/c/Users/nk29t/Desktop/Eic/vendor/laravel/framework/src/Illuminate/Database/Connectors/MySqlConnector.php(24): Illuminate\\Database\\Connectors\\Connector->createConnection()
#3 /mnt/c/Users/nk29t/Desktop/Eic/vendor/laravel/framework/src/Illuminate/Database/Connectors/ConnectionFactory.php(184): Illuminate\\Database\\Connectors\\MySqlConnector->connect()
#4 [internal function]: Illuminate\\Database\\Connectors\\ConnectionFactory->Illuminate\\Database\\Connectors\\{closure}()
#5 /mnt/c/Users/nk29t/Desktop/Eic/vendor/laravel/framework/src/Illuminate/Database/Connection.php(926): call_user_func()
#6 /mnt/c/Users/nk29t/Desktop/Eic/vendor/laravel/framework/src/Illuminate/Database/Connection.php(961): Illuminate\\Database\\Connection->getPdo()
#7 /mnt/c/Users/nk29t/Desktop/Eic/vendor/laravel/framework/src/Illuminate/Database/Connection.php(405): Illuminate\\Database\\Connection->getReadPdo()
#8 /mnt/c/Users/nk29t/Desktop/Eic/vendor/laravel/framework/src/Illuminate/Database/Connection.php(331): Illuminate\\Database\\Connection->getPdoForSelect()
#9 /mnt/c/Users/nk29t/Desktop/Eic/vendor/laravel/framework/src/Illuminate/Database/Connection.php(664): Illuminate\\Database\\Connection->Illuminate\\Database\\{closure}()
#10 /mnt/c/Users/nk29t/Desktop/Eic/vendor/laravel/framework/src/Illuminate/Database/Connection.php(631): Illuminate\\Database\\Connection->runQueryCallback()
#11 /mnt/c/Users/nk29t/Desktop/Eic/vendor/laravel/framework/src/Illuminate/Database/Connection.php(339): Illuminate\\Database\\Connection->run()
#12 /mnt/c/Users/nk29t/Desktop/Eic/vendor/laravel/framework/src/Illuminate/Database/Schema/MySqlBuilder.php(18): Illuminate\\Database\\Connection->select()
#13 /mnt/c/Users/nk29t/Desktop/Eic/vendor/laravel/framework/src/Illuminate/Database/Migrations/DatabaseMigrationRepository.php(169): Illuminate\\Database\\Schema\\MySqlBuilder->hasTable()
#14 /mnt/c/Users/nk29t/Desktop/Eic/vendor/laravel/framework/src/Illuminate/Database/Migrations/Migrator.php(608): Illuminate\\Database\\Migrations\\DatabaseMigrationRepository->repositoryExists()
#15 /mnt/c/Users/nk29t/Desktop/Eic/vendor/laravel/framework/src/Illuminate/Database/Console/Migrations/MigrateCommand.php(93): Illuminate\\Database\\Migrations\\Migrator->repositoryExists()
#16 /mnt/c/Users/nk29t/Desktop/Eic/vendor/laravel/framework/src/Illuminate/Database/Console/Migrations/MigrateCommand.php(64): Illuminate\\Database\\Console\\Migrations\\MigrateCommand->prepareDatabase()
#17 /mnt/c/Users/nk29t/Desktop/Eic/vendor/laravel/framework/src/Illuminate/Database/Migrations/Migrator.php(541): Illuminate\\Database\\Console\\Migrations\\MigrateCommand->Illuminate\\Database\\Console\\Migrations\\{closure}()
#18 /mnt/c/Users/nk29t/Desktop/Eic/vendor/laravel/framework/src/Illuminate/Database/Console/Migrations/MigrateCommand.php(81): Illuminate\\Database\\Migrations\\Migrator->usingConnection()
#19 [internal function]: Illuminate\\Database\\Console\\Migrations\\MigrateCommand->handle()
#20 /mnt/c/Users/nk29t/Desktop/Eic/vendor/laravel/framework/src/Illuminate/Container/BoundMethod.php(37): call_user_func_array()
#21 /mnt/c/Users/nk29t/Desktop/Eic/vendor/laravel/framework/src/Illuminate/Container/Util.php(37): Illuminate\\Container\\BoundMethod::Illuminate\\Container\\{closure}()
#22 /mnt/c/Users/nk29t/Desktop/Eic/vendor/laravel/framework/src/Illuminate/Container/BoundMethod.php(95): Illuminate\\Container\\Util::unwrapIfClosure()
#23 /mnt/c/Users/nk29t/Desktop/Eic/vendor/laravel/framework/src/Illuminate/Container/BoundMethod.php(39): Illuminate\\Container\\BoundMethod::callBoundMethod()
#24 /mnt/c/Users/nk29t/Desktop/Eic/vendor/laravel/framework/src/Illuminate/Container/Container.php(596): Illuminate\\Container\\BoundMethod::call()
#25 /mnt/c/Users/nk29t/Desktop/Eic/vendor/laravel/framework/src/Illuminate/Console/Command.php(134): Illuminate\\Container\\Container->call()
#26 /mnt/c/Users/nk29t/Desktop/Eic/vendor/symfony/console/Command/Command.php(258): Illuminate\\Console\\Command->execute()
#27 /mnt/c/Users/nk29t/Desktop/Eic/vendor/laravel/framework/src/Illuminate/Console/Command.php(121): Symfony\\Component\\Console\\Command\\Command->run()
#28 /mnt/c/Users/nk29t/Desktop/Eic/vendor/symfony/console/Application.php(916): Illuminate\\Console\\Command->run()
#29 /mnt/c/Users/nk29t/Desktop/Eic/vendor/symfony/console/Application.php(264): Symfony\\Component\\Console\\Application->doRunCommand()
#30 /mnt/c/Users/nk29t/Desktop/Eic/vendor/symfony/console/Application.php(140): Symfony\\Component\\Console\\Application->doRun()
#31 /mnt/c/Users/nk29t/Desktop/Eic/vendor/laravel/framework/src/Illuminate/Console/Application.php(93): Symfony\\Component\\Console\\Application->run()
#32 /mnt/c/Users/nk29t/Desktop/Eic/vendor/laravel/framework/src/Illuminate/Foundation/Console/Kernel.php(129): Illuminate\\Console\\Application->run()
#33 /mnt/c/Users/nk29t/Desktop/Eic/artisan(37): Illuminate\\Foundation\\Console\\Kernel->handle()
#34 {main}
"} 
[2020-09-14 13:54:56] local.ERROR: could not find driver (SQL: select * from information_schema.tables where table_schema = sample01 and table_name = migrations and table_type = 'BASE TABLE') {"exception":"[object] (Illuminate\\Database\\QueryException(code: 0): could not find driver (SQL: select * from information_schema.tables where table_schema = sample01 and table_name = migrations and table_type = 'BASE TABLE') at /mnt/c/Users/nk29t/Desktop/Eic/vendor/laravel/framework/src/Illuminate/Database/Connection.php:671)
[stacktrace]
#0 /mnt/c/Users/nk29t/Desktop/Eic/vendor/laravel/framework/src/Illuminate/Database/Connection.php(631): Illuminate\\Database\\Connection->runQueryCallback()
#1 /mnt/c/Users/nk29t/Desktop/Eic/vendor/laravel/framework/src/Illuminate/Database/Connection.php(339): Illuminate\\Database\\Connection->run()
#2 /mnt/c/Users/nk29t/Desktop/Eic/vendor/laravel/framework/src/Illuminate/Database/Schema/MySqlBuilder.php(18): Illuminate\\Database\\Connection->select()
#3 /mnt/c/Users/nk29t/Desktop/Eic/vendor/laravel/framework/src/Illuminate/Database/Migrations/DatabaseMigrationRepository.php(169): Illuminate\\Database\\Schema\\MySqlBuilder->hasTable()
#4 /mnt/c/Users/nk29t/Desktop/Eic/vendor/laravel/framework/src/Illuminate/Database/Migrations/Migrator.php(608): Illuminate\\Database\\Migrations\\DatabaseMigrationRepository->repositoryExists()
#5 /mnt/c/Users/nk29t/Desktop/Eic/vendor/laravel/framework/src/Illuminate/Database/Console/Migrations/MigrateCommand.php(93): Illuminate\\Database\\Migrations\\Migrator->repositoryExists()
#6 /mnt/c/Users/nk29t/Desktop/Eic/vendor/laravel/framework/src/Illuminate/Database/Console/Migrations/MigrateCommand.php(64): Illuminate\\Database\\Console\\Migrations\\MigrateCommand->prepareDatabase()
#7 /mnt/c/Users/nk29t/Desktop/Eic/vendor/laravel/framework/src/Illuminate/Database/Migrations/Migrator.php(541): Illuminate\\Database\\Console\\Migrations\\MigrateCommand->Illuminate\\Database\\Console\\Migrations\\{closure}()
#8 /mnt/c/Users/nk29t/Desktop/Eic/vendor/laravel/framework/src/Illuminate/Database/Console/Migrations/MigrateCommand.php(81): Illuminate\\Database\\Migrations\\Migrator->usingConnection()
#9 [internal function]: Illuminate\\Database\\Console\\Migrations\\MigrateCommand->handle()
#10 /mnt/c/Users/nk29t/Desktop/Eic/vendor/laravel/framework/src/Illuminate/Container/BoundMethod.php(37): call_user_func_array()
#11 /mnt/c/Users/nk29t/Desktop/Eic/vendor/laravel/framework/src/Illuminate/Container/Util.php(37): Illuminate\\Container\\BoundMethod::Illuminate\\Container\\{closure}()
#12 /mnt/c/Users/nk29t/Desktop/Eic/vendor/laravel/framework/src/Illuminate/Container/BoundMethod.php(95): Illuminate\\Container\\Util::unwrapIfClosure()
#13 /mnt/c/Users/nk29t/Desktop/Eic/vendor/laravel/framework/src/Illuminate/Container/BoundMethod.php(39): Illuminate\\Container\\BoundMethod::callBoundMethod()
#14 /mnt/c/Users/nk29t/Desktop/Eic/vendor/laravel/framework/src/Illuminate/Container/Container.php(596): Illuminate\\Container\\BoundMethod::call()
#15 /mnt/c/Users/nk29t/Desktop/Eic/vendor/laravel/framework/src/Illuminate/Console/Command.php(134): Illuminate\\Container\\Container->call()
#16 /mnt/c/Users/nk29t/Desktop/Eic/vendor/symfony/console/Command/Command.php(258): Illuminate\\Console\\Command->execute()
#17 /mnt/c/Users/nk29t/Desktop/Eic/vendor/laravel/framework/src/Illuminate/Console/Command.php(121): Symfony\\Component\\Console\\Command\\Command->run()
#18 /mnt/c/Users/nk29t/Desktop/Eic/vendor/symfony/console/Application.php(916): Illuminate\\Console\\Command->run()
#19 /mnt/c/Users/nk29t/Desktop/Eic/vendor/symfony/console/Application.php(264): Symfony\\Component\\Console\\Application->doRunCommand()
#20 /mnt/c/Users/nk29t/Desktop/Eic/vendor/symfony/console/Application.php(140): Symfony\\Component\\Console\\Application->doRun()
#21 /mnt/c/Users/nk29t/Desktop/Eic/vendor/laravel/framework/src/Illuminate/Console/Application.php(93): Symfony\\Component\\Console\\Application->run()
#22 /mnt/c/Users/nk29t/Desktop/Eic/vendor/laravel/framework/src/Illuminate/Foundation/Console/Kernel.php(129): Illuminate\\Console\\Application->run()
#23 /mnt/c/Users/nk29t/Desktop/Eic/artisan(37): Illuminate\\Foundation\\Console\\Kernel->handle()
#24 {main}

[previous exception] [object] (PDOException(code: 0): could not find driver at /mnt/c/Users/nk29t/Desktop/Eic/vendor/laravel/framework/src/Illuminate/Database/Connectors/Connector.php:70)
[stacktrace]
#0 /mnt/c/Users/nk29t/Desktop/Eic/vendor/laravel/framework/src/Illuminate/Database/Connectors/Connector.php(70): PDO->__construct()
#1 /mnt/c/Users/nk29t/Desktop/Eic/vendor/laravel/framework/src/Illuminate/Database/Connectors/Connector.php(46): Illuminate\\Database\\Connectors\\Connector->createPdoConnection()
#2 /mnt/c/Users/nk29t/Desktop/Eic/vendor/laravel/framework/src/Illuminate/Database/Connectors/MySqlConnector.php(24): Illuminate\\Database\\Connectors\\Connector->createConnection()
#3 /mnt/c/Users/nk29t/Desktop/Eic/vendor/laravel/framework/src/Illuminate/Database/Connectors/ConnectionFactory.php(184): Illuminate\\Database\\Connectors\\MySqlConnector->connect()
#4 [internal function]: Illuminate\\Database\\Connectors\\ConnectionFactory->Illuminate\\Database\\Connectors\\{closure}()
#5 /mnt/c/Users/nk29t/Desktop/Eic/vendor/laravel/framework/src/Illuminate/Database/Connection.php(926): call_user_func()
#6 /mnt/c/Users/nk29t/Desktop/Eic/vendor/laravel/framework/src/Illuminate/Database/Connection.php(961): Illuminate\\Database\\Connection->getPdo()
#7 /mnt/c/Users/nk29t/Desktop/Eic/vendor/laravel/framework/src/Illuminate/Database/Connection.php(405): Illuminate\\Database\\Connection->getReadPdo()
#8 /mnt/c/Users/nk29t/Desktop/Eic/vendor/laravel/framework/src/Illuminate/Database/Connection.php(331): Illuminate\\Database\\Connection->getPdoForSelect()
#9 /mnt/c/Users/nk29t/Desktop/Eic/vendor/laravel/framework/src/Illuminate/Database/Connection.php(664): Illuminate\\Database\\Connection->Illuminate\\Database\\{closure}()
#10 /mnt/c/Users/nk29t/Desktop/Eic/vendor/laravel/framework/src/Illuminate/Database/Connection.php(631): Illuminate\\Database\\Connection->runQueryCallback()
#11 /mnt/c/Users/nk29t/Desktop/Eic/vendor/laravel/framework/src/Illuminate/Database/Connection.php(339): Illuminate\\Database\\Connection->run()
#12 /mnt/c/Users/nk29t/Desktop/Eic/vendor/laravel/framework/src/Illuminate/Database/Schema/MySqlBuilder.php(18): Illuminate\\Database\\Connection->select()
#13 /mnt/c/Users/nk29t/Desktop/Eic/vendor/laravel/framework/src/Illuminate/Database/Migrations/DatabaseMigrationRepository.php(169): Illuminate\\Database\\Schema\\MySqlBuilder->hasTable()
#14 /mnt/c/Users/nk29t/Desktop/Eic/vendor/laravel/framework/src/Illuminate/Database/Migrations/Migrator.php(608): Illuminate\\Database\\Migrations\\DatabaseMigrationRepository->repositoryExists()
#15 /mnt/c/Users/nk29t/Desktop/Eic/vendor/laravel/framework/src/Illuminate/Database/Console/Migrations/MigrateCommand.php(93): Illuminate\\Database\\Migrations\\Migrator->repositoryExists()
#16 /mnt/c/Users/nk29t/Desktop/Eic/vendor/laravel/framework/src/Illuminate/Database/Console/Migrations/MigrateCommand.php(64): Illuminate\\Database\\Console\\Migrations\\MigrateCommand->prepareDatabase()
#17 /mnt/c/Users/nk29t/Desktop/Eic/vendor/laravel/framework/src/Illuminate/Database/Migrations/Migrator.php(541): Illuminate\\Database\\Console\\Migrations\\MigrateCommand->Illuminate\\Database\\Console\\Migrations\\{closure}()
#18 /mnt/c/Users/nk29t/Desktop/Eic/vendor/laravel/framework/src/Illuminate/Database/Console/Migrations/MigrateCommand.php(81): Illuminate\\Database\\Migrations\\Migrator->usingConnection()
#19 [internal function]: Illuminate\\Database\\Console\\Migrations\\MigrateCommand->handle()
#20 /mnt/c/Users/nk29t/Desktop/Eic/vendor/laravel/framework/src/Illuminate/Container/BoundMethod.php(37): call_user_func_array()
#21 /mnt/c/Users/nk29t/Desktop/Eic/vendor/laravel/framework/src/Illuminate/Container/Util.php(37): Illuminate\\Container\\BoundMethod::Illuminate\\Container\\{closure}()
#22 /mnt/c/Users/nk29t/Desktop/Eic/vendor/laravel/framework/src/Illuminate/Container/BoundMethod.php(95): Illuminate\\Container\\Util::unwrapIfClosure()
#23 /mnt/c/Users/nk29t/Desktop/Eic/vendor/laravel/framework/src/Illuminate/Container/BoundMethod.php(39): Illuminate\\Container\\BoundMethod::callBoundMethod()
#24 /mnt/c/Users/nk29t/Desktop/Eic/vendor/laravel/framework/src/Illuminate/Container/Container.php(596): Illuminate\\Container\\BoundMethod::call()
#25 /mnt/c/Users/nk29t/Desktop/Eic/vendor/laravel/framework/src/Illuminate/Console/Command.php(134): Illuminate\\Container\\Container->call()
#26 /mnt/c/Users/nk29t/Desktop/Eic/vendor/symfony/console/Command/Command.php(258): Illuminate\\Console\\Command->execute()
#27 /mnt/c/Users/nk29t/Desktop/Eic/vendor/laravel/framework/src/Illuminate/Console/Command.php(121): Symfony\\Component\\Console\\Command\\Command->run()
#28 /mnt/c/Users/nk29t/Desktop/Eic/vendor/symfony/console/Application.php(916): Illuminate\\Console\\Command->run()
#29 /mnt/c/Users/nk29t/Desktop/Eic/vendor/symfony/console/Application.php(264): Symfony\\Component\\Console\\Application->doRunCommand()
#30 /mnt/c/Users/nk29t/Desktop/Eic/vendor/symfony/console/Application.php(140): Symfony\\Component\\Console\\Application->doRun()
#31 /mnt/c/Users/nk29t/Desktop/Eic/vendor/laravel/framework/src/Illuminate/Console/Application.php(93): Symfony\\Component\\Console\\Application->run()
#32 /mnt/c/Users/nk29t/Desktop/Eic/vendor/laravel/framework/src/Illuminate/Foundation/Console/Kernel.php(129): Illuminate\\Console\\Application->run()
#33 /mnt/c/Users/nk29t/Desktop/Eic/artisan(37): Illuminate\\Foundation\\Console\\Kernel->handle()
#34 {main}
"} 
[2020-09-14 14:17:10] local.ERROR: could not find driver (SQL: select * from information_schema.tables where table_schema = sample01 and table_name = migrations and table_type = 'BASE TABLE') {"exception":"[object] (Illuminate\\Database\\QueryException(code: 0): could not find driver (SQL: select * from information_schema.tables where table_schema = sample01 and table_name = migrations and table_type = 'BASE TABLE') at /mnt/c/Users/nk29t/Desktop/Eic/vendor/laravel/framework/src/Illuminate/Database/Connection.php:671)
[stacktrace]
#0 /mnt/c/Users/nk29t/Desktop/Eic/vendor/laravel/framework/src/Illuminate/Database/Connection.php(631): Illuminate\\Database\\Connection->runQueryCallback()
#1 /mnt/c/Users/nk29t/Desktop/Eic/vendor/laravel/framework/src/Illuminate/Database/Connection.php(339): Illuminate\\Database\\Connection->run()
#2 /mnt/c/Users/nk29t/Desktop/Eic/vendor/laravel/framework/src/Illuminate/Database/Schema/MySqlBuilder.php(18): Illuminate\\Database\\Connection->select()
#3 /mnt/c/Users/nk29t/Desktop/Eic/vendor/laravel/framework/src/Illuminate/Database/Migrations/DatabaseMigrationRepository.php(169): Illuminate\\Database\\Schema\\MySqlBuilder->hasTable()
#4 /mnt/c/Users/nk29t/Desktop/Eic/vendor/laravel/framework/src/Illuminate/Database/Migrations/Migrator.php(608): Illuminate\\Database\\Migrations\\DatabaseMigrationRepository->repositoryExists()
#5 /mnt/c/Users/nk29t/Desktop/Eic/vendor/laravel/framework/src/Illuminate/Database/Console/Migrations/MigrateCommand.php(93): Illuminate\\Database\\Migrations\\Migrator->repositoryExists()
#6 /mnt/c/Users/nk29t/Desktop/Eic/vendor/laravel/framework/src/Illuminate/Database/Console/Migrations/MigrateCommand.php(64): Illuminate\\Database\\Console\\Migrations\\MigrateCommand->prepareDatabase()
#7 /mnt/c/Users/nk29t/Desktop/Eic/vendor/laravel/framework/src/Illuminate/Database/Migrations/Migrator.php(541): Illuminate\\Database\\Console\\Migrations\\MigrateCommand->Illuminate\\Database\\Console\\Migrations\\{closure}()
#8 /mnt/c/Users/nk29t/Desktop/Eic/vendor/laravel/framework/src/Illuminate/Database/Console/Migrations/MigrateCommand.php(81): Illuminate\\Database\\Migrations\\Migrator->usingConnection()
#9 [internal function]: Illuminate\\Database\\Console\\Migrations\\MigrateCommand->handle()
#10 /mnt/c/Users/nk29t/Desktop/Eic/vendor/laravel/framework/src/Illuminate/Container/BoundMethod.php(37): call_user_func_array()
#11 /mnt/c/Users/nk29t/Desktop/Eic/vendor/laravel/framework/src/Illuminate/Container/Util.php(37): Illuminate\\Container\\BoundMethod::Illuminate\\Container\\{closure}()
#12 /mnt/c/Users/nk29t/Desktop/Eic/vendor/laravel/framework/src/Illuminate/Container/BoundMethod.php(95): Illuminate\\Container\\Util::unwrapIfClosure()
#13 /mnt/c/Users/nk29t/Desktop/Eic/vendor/laravel/framework/src/Illuminate/Container/BoundMethod.php(39): Illuminate\\Container\\BoundMethod::callBoundMethod()
#14 /mnt/c/Users/nk29t/Desktop/Eic/vendor/laravel/framework/src/Illuminate/Container/Container.php(596): Illuminate\\Container\\BoundMethod::call()
#15 /mnt/c/Users/nk29t/Desktop/Eic/vendor/laravel/framework/src/Illuminate/Console/Command.php(134): Illuminate\\Container\\Container->call()
#16 /mnt/c/Users/nk29t/Desktop/Eic/vendor/symfony/console/Command/Command.php(258): Illuminate\\Console\\Command->execute()
#17 /mnt/c/Users/nk29t/Desktop/Eic/vendor/laravel/framework/src/Illuminate/Console/Command.php(121): Symfony\\Component\\Console\\Command\\Command->run()
#18 /mnt/c/Users/nk29t/Desktop/Eic/vendor/symfony/console/Application.php(916): Illuminate\\Console\\Command->run()
#19 /mnt/c/Users/nk29t/Desktop/Eic/vendor/symfony/console/Application.php(264): Symfony\\Component\\Console\\Application->doRunCommand()
#20 /mnt/c/Users/nk29t/Desktop/Eic/vendor/symfony/console/Application.php(140): Symfony\\Component\\Console\\Application->doRun()
#21 /mnt/c/Users/nk29t/Desktop/Eic/vendor/laravel/framework/src/Illuminate/Console/Application.php(93): Symfony\\Component\\Console\\Application->run()
#22 /mnt/c/Users/nk29t/Desktop/Eic/vendor/laravel/framework/src/Illuminate/Foundation/Console/Kernel.php(129): Illuminate\\Console\\Application->run()
#23 /mnt/c/Users/nk29t/Desktop/Eic/artisan(37): Illuminate\\Foundation\\Console\\Kernel->handle()
#24 {main}

[previous exception] [object] (PDOException(code: 0): could not find driver at /mnt/c/Users/nk29t/Desktop/Eic/vendor/laravel/framework/src/Illuminate/Database/Connectors/Connector.php:70)
[stacktrace]
#0 /mnt/c/Users/nk29t/Desktop/Eic/vendor/laravel/framework/src/Illuminate/Database/Connectors/Connector.php(70): PDO->__construct()
#1 /mnt/c/Users/nk29t/Desktop/Eic/vendor/laravel/framework/src/Illuminate/Database/Connectors/Connector.php(46): Illuminate\\Database\\Connectors\\Connector->createPdoConnection()
#2 /mnt/c/Users/nk29t/Desktop/Eic/vendor/laravel/framework/src/Illuminate/Database/Connectors/MySqlConnector.php(24): Illuminate\\Database\\Connectors\\Connector->createConnection()
#3 /mnt/c/Users/nk29t/Desktop/Eic/vendor/laravel/framework/src/Illuminate/Database/Connectors/ConnectionFactory.php(184): Illuminate\\Database\\Connectors\\MySqlConnector->connect()
#4 [internal function]: Illuminate\\Database\\Connectors\\ConnectionFactory->Illuminate\\Database\\Connectors\\{closure}()
#5 /mnt/c/Users/nk29t/Desktop/Eic/vendor/laravel/framework/src/Illuminate/Database/Connection.php(926): call_user_func()
#6 /mnt/c/Users/nk29t/Desktop/Eic/vendor/laravel/framework/src/Illuminate/Database/Connection.php(961): Illuminate\\Database\\Connection->getPdo()
#7 /mnt/c/Users/nk29t/Desktop/Eic/vendor/laravel/framework/src/Illuminate/Database/Connection.php(405): Illuminate\\Database\\Connection->getReadPdo()
#8 /mnt/c/Users/nk29t/Desktop/Eic/vendor/laravel/framework/src/Illuminate/Database/Connection.php(331): Illuminate\\Database\\Connection->getPdoForSelect()
#9 /mnt/c/Users/nk29t/Desktop/Eic/vendor/laravel/framework/src/Illuminate/Database/Connection.php(664): Illuminate\\Database\\Connection->Illuminate\\Database\\{closure}()
#10 /mnt/c/Users/nk29t/Desktop/Eic/vendor/laravel/framework/src/Illuminate/Database/Connection.php(631): Illuminate\\Database\\Connection->runQueryCallback()
#11 /mnt/c/Users/nk29t/Desktop/Eic/vendor/laravel/framework/src/Illuminate/Database/Connection.php(339): Illuminate\\Database\\Connection->run()
#12 /mnt/c/Users/nk29t/Desktop/Eic/vendor/laravel/framework/src/Illuminate/Database/Schema/MySqlBuilder.php(18): Illuminate\\Database\\Connection->select()
#13 /mnt/c/Users/nk29t/Desktop/Eic/vendor/laravel/framework/src/Illuminate/Database/Migrations/DatabaseMigrationRepository.php(169): Illuminate\\Database\\Schema\\MySqlBuilder->hasTable()
#14 /mnt/c/Users/nk29t/Desktop/Eic/vendor/laravel/framework/src/Illuminate/Database/Migrations/Migrator.php(608): Illuminate\\Database\\Migrations\\DatabaseMigrationRepository->repositoryExists()
#15 /mnt/c/Users/nk29t/Desktop/Eic/vendor/laravel/framework/src/Illuminate/Database/Console/Migrations/MigrateCommand.php(93): Illuminate\\Database\\Migrations\\Migrator->repositoryExists()
#16 /mnt/c/Users/nk29t/Desktop/Eic/vendor/laravel/framework/src/Illuminate/Database/Console/Migrations/MigrateCommand.php(64): Illuminate\\Database\\Console\\Migrations\\MigrateCommand->prepareDatabase()
#17 /mnt/c/Users/nk29t/Desktop/Eic/vendor/laravel/framework/src/Illuminate/Database/Migrations/Migrator.php(541): Illuminate\\Database\\Console\\Migrations\\MigrateCommand->Illuminate\\Database\\Console\\Migrations\\{closure}()
#18 /mnt/c/Users/nk29t/Desktop/Eic/vendor/laravel/framework/src/Illuminate/Database/Console/Migrations/MigrateCommand.php(81): Illuminate\\Database\\Migrations\\Migrator->usingConnection()
#19 [internal function]: Illuminate\\Database\\Console\\Migrations\\MigrateCommand->handle()
#20 /mnt/c/Users/nk29t/Desktop/Eic/vendor/laravel/framework/src/Illuminate/Container/BoundMethod.php(37): call_user_func_array()
#21 /mnt/c/Users/nk29t/Desktop/Eic/vendor/laravel/framework/src/Illuminate/Container/Util.php(37): Illuminate\\Container\\BoundMethod::Illuminate\\Container\\{closure}()
#22 /mnt/c/Users/nk29t/Desktop/Eic/vendor/laravel/framework/src/Illuminate/Container/BoundMethod.php(95): Illuminate\\Container\\Util::unwrapIfClosure()
#23 /mnt/c/Users/nk29t/Desktop/Eic/vendor/laravel/framework/src/Illuminate/Container/BoundMethod.php(39): Illuminate\\Container\\BoundMethod::callBoundMethod()
#24 /mnt/c/Users/nk29t/Desktop/Eic/vendor/laravel/framework/src/Illuminate/Container/Container.php(596): Illuminate\\Container\\BoundMethod::call()
#25 /mnt/c/Users/nk29t/Desktop/Eic/vendor/laravel/framework/src/Illuminate/Console/Command.php(134): Illuminate\\Container\\Container->call()
#26 /mnt/c/Users/nk29t/Desktop/Eic/vendor/symfony/console/Command/Command.php(258): Illuminate\\Console\\Command->execute()
#27 /mnt/c/Users/nk29t/Desktop/Eic/vendor/laravel/framework/src/Illuminate/Console/Command.php(121): Symfony\\Component\\Console\\Command\\Command->run()
#28 /mnt/c/Users/nk29t/Desktop/Eic/vendor/symfony/console/Application.php(916): Illuminate\\Console\\Command->run()
#29 /mnt/c/Users/nk29t/Desktop/Eic/vendor/symfony/console/Application.php(264): Symfony\\Component\\Console\\Application->doRunCommand()
#30 /mnt/c/Users/nk29t/Desktop/Eic/vendor/symfony/console/Application.php(140): Symfony\\Component\\Console\\Application->doRun()
#31 /mnt/c/Users/nk29t/Desktop/Eic/vendor/laravel/framework/src/Illuminate/Console/Application.php(93): Symfony\\Component\\Console\\Application->run()
#32 /mnt/c/Users/nk29t/Desktop/Eic/vendor/laravel/framework/src/Illuminate/Foundation/Console/Kernel.php(129): Illuminate\\Console\\Application->run()
#33 /mnt/c/Users/nk29t/Desktop/Eic/artisan(37): Illuminate\\Foundation\\Console\\Kernel->handle()
#34 {main}
"} 
[2020-09-14 14:18:23] local.ERROR: could not find driver (SQL: select * from information_schema.tables where table_schema = sample01 and table_name = migrations and table_type = 'BASE TABLE') {"exception":"[object] (Illuminate\\Database\\QueryException(code: 0): could not find driver (SQL: select * from information_schema.tables where table_schema = sample01 and table_name = migrations and table_type = 'BASE TABLE') at /mnt/c/Users/nk29t/Desktop/Eic/vendor/laravel/framework/src/Illuminate/Database/Connection.php:671)
[stacktrace]
#0 /mnt/c/Users/nk29t/Desktop/Eic/vendor/laravel/framework/src/Illuminate/Database/Connection.php(631): Illuminate\\Database\\Connection->runQueryCallback()
#1 /mnt/c/Users/nk29t/Desktop/Eic/vendor/laravel/framework/src/Illuminate/Database/Connection.php(339): Illuminate\\Database\\Connection->run()
#2 /mnt/c/Users/nk29t/Desktop/Eic/vendor/laravel/framework/src/Illuminate/Database/Schema/MySqlBuilder.php(18): Illuminate\\Database\\Connection->select()
#3 /mnt/c/Users/nk29t/Desktop/Eic/vendor/laravel/framework/src/Illuminate/Database/Migrations/DatabaseMigrationRepository.php(169): Illuminate\\Database\\Schema\\MySqlBuilder->hasTable()
#4 /mnt/c/Users/nk29t/Desktop/Eic/vendor/laravel/framework/src/Illuminate/Database/Migrations/Migrator.php(608): Illuminate\\Database\\Migrations\\DatabaseMigrationRepository->repositoryExists()
#5 /mnt/c/Users/nk29t/Desktop/Eic/vendor/laravel/framework/src/Illuminate/Database/Console/Migrations/MigrateCommand.php(93): Illuminate\\Database\\Migrations\\Migrator->repositoryExists()
#6 /mnt/c/Users/nk29t/Desktop/Eic/vendor/laravel/framework/src/Illuminate/Database/Console/Migrations/MigrateCommand.php(64): Illuminate\\Database\\Console\\Migrations\\MigrateCommand->prepareDatabase()
#7 /mnt/c/Users/nk29t/Desktop/Eic/vendor/laravel/framework/src/Illuminate/Database/Migrations/Migrator.php(541): Illuminate\\Database\\Console\\Migrations\\MigrateCommand->Illuminate\\Database\\Console\\Migrations\\{closure}()
#8 /mnt/c/Users/nk29t/Desktop/Eic/vendor/laravel/framework/src/Illuminate/Database/Console/Migrations/MigrateCommand.php(81): Illuminate\\Database\\Migrations\\Migrator->usingConnection()
#9 [internal function]: Illuminate\\Database\\Console\\Migrations\\MigrateCommand->handle()
#10 /mnt/c/Users/nk29t/Desktop/Eic/vendor/laravel/framework/src/Illuminate/Container/BoundMethod.php(37): call_user_func_array()
#11 /mnt/c/Users/nk29t/Desktop/Eic/vendor/laravel/framework/src/Illuminate/Container/Util.php(37): Illuminate\\Container\\BoundMethod::Illuminate\\Container\\{closure}()
#12 /mnt/c/Users/nk29t/Desktop/Eic/vendor/laravel/framework/src/Illuminate/Container/BoundMethod.php(95): Illuminate\\Container\\Util::unwrapIfClosure()
#13 /mnt/c/Users/nk29t/Desktop/Eic/vendor/laravel/framework/src/Illuminate/Container/BoundMethod.php(39): Illuminate\\Container\\BoundMethod::callBoundMethod()
#14 /mnt/c/Users/nk29t/Desktop/Eic/vendor/laravel/framework/src/Illuminate/Container/Container.php(596): Illuminate\\Container\\BoundMethod::call()
#15 /mnt/c/Users/nk29t/Desktop/Eic/vendor/laravel/framework/src/Illuminate/Console/Command.php(134): Illuminate\\Container\\Container->call()
#16 /mnt/c/Users/nk29t/Desktop/Eic/vendor/symfony/console/Command/Command.php(258): Illuminate\\Console\\Command->execute()
#17 /mnt/c/Users/nk29t/Desktop/Eic/vendor/laravel/framework/src/Illuminate/Console/Command.php(121): Symfony\\Component\\Console\\Command\\Command->run()
#18 /mnt/c/Users/nk29t/Desktop/Eic/vendor/symfony/console/Application.php(916): Illuminate\\Console\\Command->run()
#19 /mnt/c/Users/nk29t/Desktop/Eic/vendor/symfony/console/Application.php(264): Symfony\\Component\\Console\\Application->doRunCommand()
#20 /mnt/c/Users/nk29t/Desktop/Eic/vendor/symfony/console/Application.php(140): Symfony\\Component\\Console\\Application->doRun()
#21 /mnt/c/Users/nk29t/Desktop/Eic/vendor/laravel/framework/src/Illuminate/Console/Application.php(93): Symfony\\Component\\Console\\Application->run()
#22 /mnt/c/Users/nk29t/Desktop/Eic/vendor/laravel/framework/src/Illuminate/Foundation/Console/Kernel.php(129): Illuminate\\Console\\Application->run()
#23 /mnt/c/Users/nk29t/Desktop/Eic/artisan(37): Illuminate\\Foundation\\Console\\Kernel->handle()
#24 {main}

[previous exception] [object] (PDOException(code: 0): could not find driver at /mnt/c/Users/nk29t/Desktop/Eic/vendor/laravel/framework/src/Illuminate/Database/Connectors/Connector.php:70)
[stacktrace]
#0 /mnt/c/Users/nk29t/Desktop/Eic/vendor/laravel/framework/src/Illuminate/Database/Connectors/Connector.php(70): PDO->__construct()
#1 /mnt/c/Users/nk29t/Desktop/Eic/vendor/laravel/framework/src/Illuminate/Database/Connectors/Connector.php(46): Illuminate\\Database\\Connectors\\Connector->createPdoConnection()
#2 /mnt/c/Users/nk29t/Desktop/Eic/vendor/laravel/framework/src/Illuminate/Database/Connectors/MySqlConnector.php(24): Illuminate\\Database\\Connectors\\Connector->createConnection()
#3 /mnt/c/Users/nk29t/Desktop/Eic/vendor/laravel/framework/src/Illuminate/Database/Connectors/ConnectionFactory.php(184): Illuminate\\Database\\Connectors\\MySqlConnector->connect()
#4 [internal function]: Illuminate\\Database\\Connectors\\ConnectionFactory->Illuminate\\Database\\Connectors\\{closure}()
#5 /mnt/c/Users/nk29t/Desktop/Eic/vendor/laravel/framework/src/Illuminate/Database/Connection.php(926): call_user_func()
#6 /mnt/c/Users/nk29t/Desktop/Eic/vendor/laravel/framework/src/Illuminate/Database/Connection.php(961): Illuminate\\Database\\Connection->getPdo()
#7 /mnt/c/Users/nk29t/Desktop/Eic/vendor/laravel/framework/src/Illuminate/Database/Connection.php(405): Illuminate\\Database\\Connection->getReadPdo()
#8 /mnt/c/Users/nk29t/Desktop/Eic/vendor/laravel/framework/src/Illuminate/Database/Connection.php(331): Illuminate\\Database\\Connection->getPdoForSelect()
#9 /mnt/c/Users/nk29t/Desktop/Eic/vendor/laravel/framework/src/Illuminate/Database/Connection.php(664): Illuminate\\Database\\Connection->Illuminate\\Database\\{closure}()
#10 /mnt/c/Users/nk29t/Desktop/Eic/vendor/laravel/framework/src/Illuminate/Database/Connection.php(631): Illuminate\\Database\\Connection->runQueryCallback()
#11 /mnt/c/Users/nk29t/Desktop/Eic/vendor/laravel/framework/src/Illuminate/Database/Connection.php(339): Illuminate\\Database\\Connection->run()
#12 /mnt/c/Users/nk29t/Desktop/Eic/vendor/laravel/framework/src/Illuminate/Database/Schema/MySqlBuilder.php(18): Illuminate\\Database\\Connection->select()
#13 /mnt/c/Users/nk29t/Desktop/Eic/vendor/laravel/framework/src/Illuminate/Database/Migrations/DatabaseMigrationRepository.php(169): Illuminate\\Database\\Schema\\MySqlBuilder->hasTable()
#14 /mnt/c/Users/nk29t/Desktop/Eic/vendor/laravel/framework/src/Illuminate/Database/Migrations/Migrator.php(608): Illuminate\\Database\\Migrations\\DatabaseMigrationRepository->repositoryExists()
#15 /mnt/c/Users/nk29t/Desktop/Eic/vendor/laravel/framework/src/Illuminate/Database/Console/Migrations/MigrateCommand.php(93): Illuminate\\Database\\Migrations\\Migrator->repositoryExists()
#16 /mnt/c/Users/nk29t/Desktop/Eic/vendor/laravel/framework/src/Illuminate/Database/Console/Migrations/MigrateCommand.php(64): Illuminate\\Database\\Console\\Migrations\\MigrateCommand->prepareDatabase()
#17 /mnt/c/Users/nk29t/Desktop/Eic/vendor/laravel/framework/src/Illuminate/Database/Migrations/Migrator.php(541): Illuminate\\Database\\Console\\Migrations\\MigrateCommand->Illuminate\\Database\\Console\\Migrations\\{closure}()
#18 /mnt/c/Users/nk29t/Desktop/Eic/vendor/laravel/framework/src/Illuminate/Database/Console/Migrations/MigrateCommand.php(81): Illuminate\\Database\\Migrations\\Migrator->usingConnection()
#19 [internal function]: Illuminate\\Database\\Console\\Migrations\\MigrateCommand->handle()
#20 /mnt/c/Users/nk29t/Desktop/Eic/vendor/laravel/framework/src/Illuminate/Container/BoundMethod.php(37): call_user_func_array()
#21 /mnt/c/Users/nk29t/Desktop/Eic/vendor/laravel/framework/src/Illuminate/Container/Util.php(37): Illuminate\\Container\\BoundMethod::Illuminate\\Container\\{closure}()
#22 /mnt/c/Users/nk29t/Desktop/Eic/vendor/laravel/framework/src/Illuminate/Container/BoundMethod.php(95): Illuminate\\Container\\Util::unwrapIfClosure()
#23 /mnt/c/Users/nk29t/Desktop/Eic/vendor/laravel/framework/src/Illuminate/Container/BoundMethod.php(39): Illuminate\\Container\\BoundMethod::callBoundMethod()
#24 /mnt/c/Users/nk29t/Desktop/Eic/vendor/laravel/framework/src/Illuminate/Container/Container.php(596): Illuminate\\Container\\BoundMethod::call()
#25 /mnt/c/Users/nk29t/Desktop/Eic/vendor/laravel/framework/src/Illuminate/Console/Command.php(134): Illuminate\\Container\\Container->call()
#26 /mnt/c/Users/nk29t/Desktop/Eic/vendor/symfony/console/Command/Command.php(258): Illuminate\\Console\\Command->execute()
#27 /mnt/c/Users/nk29t/Desktop/Eic/vendor/laravel/framework/src/Illuminate/Console/Command.php(121): Symfony\\Component\\Console\\Command\\Command->run()
#28 /mnt/c/Users/nk29t/Desktop/Eic/vendor/symfony/console/Application.php(916): Illuminate\\Console\\Command->run()
#29 /mnt/c/Users/nk29t/Desktop/Eic/vendor/symfony/console/Application.php(264): Symfony\\Component\\Console\\Application->doRunCommand()
#30 /mnt/c/Users/nk29t/Desktop/Eic/vendor/symfony/console/Application.php(140): Symfony\\Component\\Console\\Application->doRun()
#31 /mnt/c/Users/nk29t/Desktop/Eic/vendor/laravel/framework/src/Illuminate/Console/Application.php(93): Symfony\\Component\\Console\\Application->run()
#32 /mnt/c/Users/nk29t/Desktop/Eic/vendor/laravel/framework/src/Illuminate/Foundation/Console/Kernel.php(129): Illuminate\\Console\\Application->run()
#33 /mnt/c/Users/nk29t/Desktop/Eic/artisan(37): Illuminate\\Foundation\\Console\\Kernel->handle()
#34 {main}
"} 
[2020-09-15 09:50:31] local.ERROR: could not find driver (SQL: select * from information_schema.tables where table_schema = sample01 and table_name = migrations and table_type = 'BASE TABLE') {"exception":"[object] (Illuminate\\Database\\QueryException(code: 0): could not find driver (SQL: select * from information_schema.tables where table_schema = sample01 and table_name = migrations and table_type = 'BASE TABLE') at /mnt/c/Users/nk29t/Desktop/Eic/vendor/laravel/framework/src/Illuminate/Database/Connection.php:671)
[stacktrace]
#0 /mnt/c/Users/nk29t/Desktop/Eic/vendor/laravel/framework/src/Illuminate/Database/Connection.php(631): Illuminate\\Database\\Connection->runQueryCallback()
#1 /mnt/c/Users/nk29t/Desktop/Eic/vendor/laravel/framework/src/Illuminate/Database/Connection.php(339): Illuminate\\Database\\Connection->run()
#2 /mnt/c/Users/nk29t/Desktop/Eic/vendor/laravel/framework/src/Illuminate/Database/Schema/MySqlBuilder.php(18): Illuminate\\Database\\Connection->select()
#3 /mnt/c/Users/nk29t/Desktop/Eic/vendor/laravel/framework/src/Illuminate/Database/Migrations/DatabaseMigrationRepository.php(169): Illuminate\\Database\\Schema\\MySqlBuilder->hasTable()
#4 /mnt/c/Users/nk29t/Desktop/Eic/vendor/laravel/framework/src/Illuminate/Database/Migrations/Migrator.php(608): Illuminate\\Database\\Migrations\\DatabaseMigrationRepository->repositoryExists()
#5 /mnt/c/Users/nk29t/Desktop/Eic/vendor/laravel/framework/src/Illuminate/Database/Console/Migrations/MigrateCommand.php(93): Illuminate\\Database\\Migrations\\Migrator->repositoryExists()
#6 /mnt/c/Users/nk29t/Desktop/Eic/vendor/laravel/framework/src/Illuminate/Database/Console/Migrations/MigrateCommand.php(64): Illuminate\\Database\\Console\\Migrations\\MigrateCommand->prepareDatabase()
#7 /mnt/c/Users/nk29t/Desktop/Eic/vendor/laravel/framework/src/Illuminate/Database/Migrations/Migrator.php(541): Illuminate\\Database\\Console\\Migrations\\MigrateCommand->Illuminate\\Database\\Console\\Migrations\\{closure}()
#8 /mnt/c/Users/nk29t/Desktop/Eic/vendor/laravel/framework/src/Illuminate/Database/Console/Migrations/MigrateCommand.php(81): Illuminate\\Database\\Migrations\\Migrator->usingConnection()
#9 [internal function]: Illuminate\\Database\\Console\\Migrations\\MigrateCommand->handle()
#10 /mnt/c/Users/nk29t/Desktop/Eic/vendor/laravel/framework/src/Illuminate/Container/BoundMethod.php(37): call_user_func_array()
#11 /mnt/c/Users/nk29t/Desktop/Eic/vendor/laravel/framework/src/Illuminate/Container/Util.php(37): Illuminate\\Container\\BoundMethod::Illuminate\\Container\\{closure}()
#12 /mnt/c/Users/nk29t/Desktop/Eic/vendor/laravel/framework/src/Illuminate/Container/BoundMethod.php(95): Illuminate\\Container\\Util::unwrapIfClosure()
#13 /mnt/c/Users/nk29t/Desktop/Eic/vendor/laravel/framework/src/Illuminate/Container/BoundMethod.php(39): Illuminate\\Container\\BoundMethod::callBoundMethod()
#14 /mnt/c/Users/nk29t/Desktop/Eic/vendor/laravel/framework/src/Illuminate/Container/Container.php(596): Illuminate\\Container\\BoundMethod::call()
#15 /mnt/c/Users/nk29t/Desktop/Eic/vendor/laravel/framework/src/Illuminate/Console/Command.php(134): Illuminate\\Container\\Container->call()
#16 /mnt/c/Users/nk29t/Desktop/Eic/vendor/symfony/console/Command/Command.php(258): Illuminate\\Console\\Command->execute()
#17 /mnt/c/Users/nk29t/Desktop/Eic/vendor/laravel/framework/src/Illuminate/Console/Command.php(121): Symfony\\Component\\Console\\Command\\Command->run()
#18 /mnt/c/Users/nk29t/Desktop/Eic/vendor/symfony/console/Application.php(916): Illuminate\\Console\\Command->run()
#19 /mnt/c/Users/nk29t/Desktop/Eic/vendor/symfony/console/Application.php(264): Symfony\\Component\\Console\\Application->doRunCommand()
#20 /mnt/c/Users/nk29t/Desktop/Eic/vendor/symfony/console/Application.php(140): Symfony\\Component\\Console\\Application->doRun()
#21 /mnt/c/Users/nk29t/Desktop/Eic/vendor/laravel/framework/src/Illuminate/Console/Application.php(93): Symfony\\Component\\Console\\Application->run()
#22 /mnt/c/Users/nk29t/Desktop/Eic/vendor/laravel/framework/src/Illuminate/Foundation/Console/Kernel.php(129): Illuminate\\Console\\Application->run()
#23 /mnt/c/Users/nk29t/Desktop/Eic/artisan(37): Illuminate\\Foundation\\Console\\Kernel->handle()
#24 {main}

[previous exception] [object] (PDOException(code: 0): could not find driver at /mnt/c/Users/nk29t/Desktop/Eic/vendor/laravel/framework/src/Illuminate/Database/Connectors/Connector.php:70)
[stacktrace]
#0 /mnt/c/Users/nk29t/Desktop/Eic/vendor/laravel/framework/src/Illuminate/Database/Connectors/Connector.php(70): PDO->__construct()
#1 /mnt/c/Users/nk29t/Desktop/Eic/vendor/laravel/framework/src/Illuminate/Database/Connectors/Connector.php(46): Illuminate\\Database\\Connectors\\Connector->createPdoConnection()
#2 /mnt/c/Users/nk29t/Desktop/Eic/vendor/laravel/framework/src/Illuminate/Database/Connectors/MySqlConnector.php(24): Illuminate\\Database\\Connectors\\Connector->createConnection()
#3 /mnt/c/Users/nk29t/Desktop/Eic/vendor/laravel/framework/src/Illuminate/Database/Connectors/ConnectionFactory.php(184): Illuminate\\Database\\Connectors\\MySqlConnector->connect()
#4 [internal function]: Illuminate\\Database\\Connectors\\ConnectionFactory->Illuminate\\Database\\Connectors\\{closure}()
#5 /mnt/c/Users/nk29t/Desktop/Eic/vendor/laravel/framework/src/Illuminate/Database/Connection.php(926): call_user_func()
#6 /mnt/c/Users/nk29t/Desktop/Eic/vendor/laravel/framework/src/Illuminate/Database/Connection.php(961): Illuminate\\Database\\Connection->getPdo()
#7 /mnt/c/Users/nk29t/Desktop/Eic/vendor/laravel/framework/src/Illuminate/Database/Connection.php(405): Illuminate\\Database\\Connection->getReadPdo()
#8 /mnt/c/Users/nk29t/Desktop/Eic/vendor/laravel/framework/src/Illuminate/Database/Connection.php(331): Illuminate\\Database\\Connection->getPdoForSelect()
#9 /mnt/c/Users/nk29t/Desktop/Eic/vendor/laravel/framework/src/Illuminate/Database/Connection.php(664): Illuminate\\Database\\Connection->Illuminate\\Database\\{closure}()
#10 /mnt/c/Users/nk29t/Desktop/Eic/vendor/laravel/framework/src/Illuminate/Database/Connection.php(631): Illuminate\\Database\\Connection->runQueryCallback()
#11 /mnt/c/Users/nk29t/Desktop/Eic/vendor/laravel/framework/src/Illuminate/Database/Connection.php(339): Illuminate\\Database\\Connection->run()
#12 /mnt/c/Users/nk29t/Desktop/Eic/vendor/laravel/framework/src/Illuminate/Database/Schema/MySqlBuilder.php(18): Illuminate\\Database\\Connection->select()
#13 /mnt/c/Users/nk29t/Desktop/Eic/vendor/laravel/framework/src/Illuminate/Database/Migrations/DatabaseMigrationRepository.php(169): Illuminate\\Database\\Schema\\MySqlBuilder->hasTable()
#14 /mnt/c/Users/nk29t/Desktop/Eic/vendor/laravel/framework/src/Illuminate/Database/Migrations/Migrator.php(608): Illuminate\\Database\\Migrations\\DatabaseMigrationRepository->repositoryExists()
#15 /mnt/c/Users/nk29t/Desktop/Eic/vendor/laravel/framework/src/Illuminate/Database/Console/Migrations/MigrateCommand.php(93): Illuminate\\Database\\Migrations\\Migrator->repositoryExists()
#16 /mnt/c/Users/nk29t/Desktop/Eic/vendor/laravel/framework/src/Illuminate/Database/Console/Migrations/MigrateCommand.php(64): Illuminate\\Database\\Console\\Migrations\\MigrateCommand->prepareDatabase()
#17 /mnt/c/Users/nk29t/Desktop/Eic/vendor/laravel/framework/src/Illuminate/Database/Migrations/Migrator.php(541): Illuminate\\Database\\Console\\Migrations\\MigrateCommand->Illuminate\\Database\\Console\\Migrations\\{closure}()
#18 /mnt/c/Users/nk29t/Desktop/Eic/vendor/laravel/framework/src/Illuminate/Database/Console/Migrations/MigrateCommand.php(81): Illuminate\\Database\\Migrations\\Migrator->usingConnection()
#19 [internal function]: Illuminate\\Database\\Console\\Migrations\\MigrateCommand->handle()
#20 /mnt/c/Users/nk29t/Desktop/Eic/vendor/laravel/framework/src/Illuminate/Container/BoundMethod.php(37): call_user_func_array()
#21 /mnt/c/Users/nk29t/Desktop/Eic/vendor/laravel/framework/src/Illuminate/Container/Util.php(37): Illuminate\\Container\\BoundMethod::Illuminate\\Container\\{closure}()
#22 /mnt/c/Users/nk29t/Desktop/Eic/vendor/laravel/framework/src/Illuminate/Container/BoundMethod.php(95): Illuminate\\Container\\Util::unwrapIfClosure()
#23 /mnt/c/Users/nk29t/Desktop/Eic/vendor/laravel/framework/src/Illuminate/Container/BoundMethod.php(39): Illuminate\\Container\\BoundMethod::callBoundMethod()
#24 /mnt/c/Users/nk29t/Desktop/Eic/vendor/laravel/framework/src/Illuminate/Container/Container.php(596): Illuminate\\Container\\BoundMethod::call()
#25 /mnt/c/Users/nk29t/Desktop/Eic/vendor/laravel/framework/src/Illuminate/Console/Command.php(134): Illuminate\\Container\\Container->call()
#26 /mnt/c/Users/nk29t/Desktop/Eic/vendor/symfony/console/Command/Command.php(258): Illuminate\\Console\\Command->execute()
#27 /mnt/c/Users/nk29t/Desktop/Eic/vendor/laravel/framework/src/Illuminate/Console/Command.php(121): Symfony\\Component\\Console\\Command\\Command->run()
#28 /mnt/c/Users/nk29t/Desktop/Eic/vendor/symfony/console/Application.php(916): Illuminate\\Console\\Command->run()
#29 /mnt/c/Users/nk29t/Desktop/Eic/vendor/symfony/console/Application.php(264): Symfony\\Component\\Console\\Application->doRunCommand()
#30 /mnt/c/Users/nk29t/Desktop/Eic/vendor/symfony/console/Application.php(140): Symfony\\Component\\Console\\Application->doRun()
#31 /mnt/c/Users/nk29t/Desktop/Eic/vendor/laravel/framework/src/Illuminate/Console/Application.php(93): Symfony\\Component\\Console\\Application->run()
#32 /mnt/c/Users/nk29t/Desktop/Eic/vendor/laravel/framework/src/Illuminate/Foundation/Console/Kernel.php(129): Illuminate\\Console\\Application->run()
#33 /mnt/c/Users/nk29t/Desktop/Eic/artisan(37): Illuminate\\Foundation\\Console\\Kernel->handle()
#34 {main}
"} 
[2020-09-15 10:16:53] local.ERROR: could not find driver (SQL: select * from information_schema.tables where table_schema = sample01 and table_name = migrations and table_type = 'BASE TABLE') {"exception":"[object] (Illuminate\\Database\\QueryException(code: 0): could not find driver (SQL: select * from information_schema.tables where table_schema = sample01 and table_name = migrations and table_type = 'BASE TABLE') at /mnt/c/Users/nk29t/Desktop/Eic/vendor/laravel/framework/src/Illuminate/Database/Connection.php:671)
[stacktrace]
#0 /mnt/c/Users/nk29t/Desktop/Eic/vendor/laravel/framework/src/Illuminate/Database/Connection.php(631): Illuminate\\Database\\Connection->runQueryCallback()
#1 /mnt/c/Users/nk29t/Desktop/Eic/vendor/laravel/framework/src/Illuminate/Database/Connection.php(339): Illuminate\\Database\\Connection->run()
#2 /mnt/c/Users/nk29t/Desktop/Eic/vendor/laravel/framework/src/Illuminate/Database/Schema/MySqlBuilder.php(18): Illuminate\\Database\\Connection->select()
#3 /mnt/c/Users/nk29t/Desktop/Eic/vendor/laravel/framework/src/Illuminate/Database/Migrations/DatabaseMigrationRepository.php(169): Illuminate\\Database\\Schema\\MySqlBuilder->hasTable()
#4 /mnt/c/Users/nk29t/Desktop/Eic/vendor/laravel/framework/src/Illuminate/Database/Migrations/Migrator.php(608): Illuminate\\Database\\Migrations\\DatabaseMigrationRepository->repositoryExists()
#5 /mnt/c/Users/nk29t/Desktop/Eic/vendor/laravel/framework/src/Illuminate/Database/Console/Migrations/MigrateCommand.php(93): Illuminate\\Database\\Migrations\\Migrator->repositoryExists()
#6 /mnt/c/Users/nk29t/Desktop/Eic/vendor/laravel/framework/src/Illuminate/Database/Console/Migrations/MigrateCommand.php(64): Illuminate\\Database\\Console\\Migrations\\MigrateCommand->prepareDatabase()
#7 /mnt/c/Users/nk29t/Desktop/Eic/vendor/laravel/framework/src/Illuminate/Database/Migrations/Migrator.php(541): Illuminate\\Database\\Console\\Migrations\\MigrateCommand->Illuminate\\Database\\Console\\Migrations\\{closure}()
#8 /mnt/c/Users/nk29t/Desktop/Eic/vendor/laravel/framework/src/Illuminate/Database/Console/Migrations/MigrateCommand.php(81): Illuminate\\Database\\Migrations\\Migrator->usingConnection()
#9 [internal function]: Illuminate\\Database\\Console\\Migrations\\MigrateCommand->handle()
#10 /mnt/c/Users/nk29t/Desktop/Eic/vendor/laravel/framework/src/Illuminate/Container/BoundMethod.php(37): call_user_func_array()
#11 /mnt/c/Users/nk29t/Desktop/Eic/vendor/laravel/framework/src/Illuminate/Container/Util.php(37): Illuminate\\Container\\BoundMethod::Illuminate\\Container\\{closure}()
#12 /mnt/c/Users/nk29t/Desktop/Eic/vendor/laravel/framework/src/Illuminate/Container/BoundMethod.php(95): Illuminate\\Container\\Util::unwrapIfClosure()
#13 /mnt/c/Users/nk29t/Desktop/Eic/vendor/laravel/framework/src/Illuminate/Container/BoundMethod.php(39): Illuminate\\Container\\BoundMethod::callBoundMethod()
#14 /mnt/c/Users/nk29t/Desktop/Eic/vendor/laravel/framework/src/Illuminate/Container/Container.php(596): Illuminate\\Container\\BoundMethod::call()
#15 /mnt/c/Users/nk29t/Desktop/Eic/vendor/laravel/framework/src/Illuminate/Console/Command.php(134): Illuminate\\Container\\Container->call()
#16 /mnt/c/Users/nk29t/Desktop/Eic/vendor/symfony/console/Command/Command.php(258): Illuminate\\Console\\Command->execute()
#17 /mnt/c/Users/nk29t/Desktop/Eic/vendor/laravel/framework/src/Illuminate/Console/Command.php(121): Symfony\\Component\\Console\\Command\\Command->run()
#18 /mnt/c/Users/nk29t/Desktop/Eic/vendor/symfony/console/Application.php(916): Illuminate\\Console\\Command->run()
#19 /mnt/c/Users/nk29t/Desktop/Eic/vendor/symfony/console/Application.php(264): Symfony\\Component\\Console\\Application->doRunCommand()
#20 /mnt/c/Users/nk29t/Desktop/Eic/vendor/symfony/console/Application.php(140): Symfony\\Component\\Console\\Application->doRun()
#21 /mnt/c/Users/nk29t/Desktop/Eic/vendor/laravel/framework/src/Illuminate/Console/Application.php(93): Symfony\\Component\\Console\\Application->run()
#22 /mnt/c/Users/nk29t/Desktop/Eic/vendor/laravel/framework/src/Illuminate/Foundation/Console/Kernel.php(129): Illuminate\\Console\\Application->run()
#23 /mnt/c/Users/nk29t/Desktop/Eic/artisan(37): Illuminate\\Foundation\\Console\\Kernel->handle()
#24 {main}

[previous exception] [object] (PDOException(code: 0): could not find driver at /mnt/c/Users/nk29t/Desktop/Eic/vendor/laravel/framework/src/Illuminate/Database/Connectors/Connector.php:70)
[stacktrace]
#0 /mnt/c/Users/nk29t/Desktop/Eic/vendor/laravel/framework/src/Illuminate/Database/Connectors/Connector.php(70): PDO->__construct()
#1 /mnt/c/Users/nk29t/Desktop/Eic/vendor/laravel/framework/src/Illuminate/Database/Connectors/Connector.php(46): Illuminate\\Database\\Connectors\\Connector->createPdoConnection()
#2 /mnt/c/Users/nk29t/Desktop/Eic/vendor/laravel/framework/src/Illuminate/Database/Connectors/MySqlConnector.php(24): Illuminate\\Database\\Connectors\\Connector->createConnection()
#3 /mnt/c/Users/nk29t/Desktop/Eic/vendor/laravel/framework/src/Illuminate/Database/Connectors/ConnectionFactory.php(184): Illuminate\\Database\\Connectors\\MySqlConnector->connect()
#4 [internal function]: Illuminate\\Database\\Connectors\\ConnectionFactory->Illuminate\\Database\\Connectors\\{closure}()
#5 /mnt/c/Users/nk29t/Desktop/Eic/vendor/laravel/framework/src/Illuminate/Database/Connection.php(926): call_user_func()
#6 /mnt/c/Users/nk29t/Desktop/Eic/vendor/laravel/framework/src/Illuminate/Database/Connection.php(961): Illuminate\\Database\\Connection->getPdo()
#7 /mnt/c/Users/nk29t/Desktop/Eic/vendor/laravel/framework/src/Illuminate/Database/Connection.php(405): Illuminate\\Database\\Connection->getReadPdo()
#8 /mnt/c/Users/nk29t/Desktop/Eic/vendor/laravel/framework/src/Illuminate/Database/Connection.php(331): Illuminate\\Database\\Connection->getPdoForSelect()
#9 /mnt/c/Users/nk29t/Desktop/Eic/vendor/laravel/framework/src/Illuminate/Database/Connection.php(664): Illuminate\\Database\\Connection->Illuminate\\Database\\{closure}()
#10 /mnt/c/Users/nk29t/Desktop/Eic/vendor/laravel/framework/src/Illuminate/Database/Connection.php(631): Illuminate\\Database\\Connection->runQueryCallback()
#11 /mnt/c/Users/nk29t/Desktop/Eic/vendor/laravel/framework/src/Illuminate/Database/Connection.php(339): Illuminate\\Database\\Connection->run()
#12 /mnt/c/Users/nk29t/Desktop/Eic/vendor/laravel/framework/src/Illuminate/Database/Schema/MySqlBuilder.php(18): Illuminate\\Database\\Connection->select()
#13 /mnt/c/Users/nk29t/Desktop/Eic/vendor/laravel/framework/src/Illuminate/Database/Migrations/DatabaseMigrationRepository.php(169): Illuminate\\Database\\Schema\\MySqlBuilder->hasTable()
#14 /mnt/c/Users/nk29t/Desktop/Eic/vendor/laravel/framework/src/Illuminate/Database/Migrations/Migrator.php(608): Illuminate\\Database\\Migrations\\DatabaseMigrationRepository->repositoryExists()
#15 /mnt/c/Users/nk29t/Desktop/Eic/vendor/laravel/framework/src/Illuminate/Database/Console/Migrations/MigrateCommand.php(93): Illuminate\\Database\\Migrations\\Migrator->repositoryExists()
#16 /mnt/c/Users/nk29t/Desktop/Eic/vendor/laravel/framework/src/Illuminate/Database/Console/Migrations/MigrateCommand.php(64): Illuminate\\Database\\Console\\Migrations\\MigrateCommand->prepareDatabase()
#17 /mnt/c/Users/nk29t/Desktop/Eic/vendor/laravel/framework/src/Illuminate/Database/Migrations/Migrator.php(541): Illuminate\\Database\\Console\\Migrations\\MigrateCommand->Illuminate\\Database\\Console\\Migrations\\{closure}()
#18 /mnt/c/Users/nk29t/Desktop/Eic/vendor/laravel/framework/src/Illuminate/Database/Console/Migrations/MigrateCommand.php(81): Illuminate\\Database\\Migrations\\Migrator->usingConnection()
#19 [internal function]: Illuminate\\Database\\Console\\Migrations\\MigrateCommand->handle()
#20 /mnt/c/Users/nk29t/Desktop/Eic/vendor/laravel/framework/src/Illuminate/Container/BoundMethod.php(37): call_user_func_array()
#21 /mnt/c/Users/nk29t/Desktop/Eic/vendor/laravel/framework/src/Illuminate/Container/Util.php(37): Illuminate\\Container\\BoundMethod::Illuminate\\Container\\{closure}()
#22 /mnt/c/Users/nk29t/Desktop/Eic/vendor/laravel/framework/src/Illuminate/Container/BoundMethod.php(95): Illuminate\\Container\\Util::unwrapIfClosure()
#23 /mnt/c/Users/nk29t/Desktop/Eic/vendor/laravel/framework/src/Illuminate/Container/BoundMethod.php(39): Illuminate\\Container\\BoundMethod::callBoundMethod()
#24 /mnt/c/Users/nk29t/Desktop/Eic/vendor/laravel/framework/src/Illuminate/Container/Container.php(596): Illuminate\\Container\\BoundMethod::call()
#25 /mnt/c/Users/nk29t/Desktop/Eic/vendor/laravel/framework/src/Illuminate/Console/Command.php(134): Illuminate\\Container\\Container->call()
#26 /mnt/c/Users/nk29t/Desktop/Eic/vendor/symfony/console/Command/Command.php(258): Illuminate\\Console\\Command->execute()
#27 /mnt/c/Users/nk29t/Desktop/Eic/vendor/laravel/framework/src/Illuminate/Console/Command.php(121): Symfony\\Component\\Console\\Command\\Command->run()
#28 /mnt/c/Users/nk29t/Desktop/Eic/vendor/symfony/console/Application.php(916): Illuminate\\Console\\Command->run()
#29 /mnt/c/Users/nk29t/Desktop/Eic/vendor/symfony/console/Application.php(264): Symfony\\Component\\Console\\Application->doRunCommand()
#30 /mnt/c/Users/nk29t/Desktop/Eic/vendor/symfony/console/Application.php(140): Symfony\\Component\\Console\\Application->doRun()
#31 /mnt/c/Users/nk29t/Desktop/Eic/vendor/laravel/framework/src/Illuminate/Console/Application.php(93): Symfony\\Component\\Console\\Application->run()
#32 /mnt/c/Users/nk29t/Desktop/Eic/vendor/laravel/framework/src/Illuminate/Foundation/Console/Kernel.php(129): Illuminate\\Console\\Application->run()
#33 /mnt/c/Users/nk29t/Desktop/Eic/artisan(37): Illuminate\\Foundation\\Console\\Kernel->handle()
#34 {main}
"} 
[2020-09-15 13:31:58] local.ERROR: could not find driver (SQL: select * from information_schema.tables where table_schema = sample01 and table_name = migrations and table_type = 'BASE TABLE') {"exception":"[object] (Illuminate\\Database\\QueryException(code: 0): could not find driver (SQL: select * from information_schema.tables where table_schema = sample01 and table_name = migrations and table_type = 'BASE TABLE') at /mnt/c/Users/nk29t/Desktop/Eic/vendor/laravel/framework/src/Illuminate/Database/Connection.php:671)
[stacktrace]
#0 /mnt/c/Users/nk29t/Desktop/Eic/vendor/laravel/framework/src/Illuminate/Database/Connection.php(631): Illuminate\\Database\\Connection->runQueryCallback()
#1 /mnt/c/Users/nk29t/Desktop/Eic/vendor/laravel/framework/src/Illuminate/Database/Connection.php(339): Illuminate\\Database\\Connection->run()
#2 /mnt/c/Users/nk29t/Desktop/Eic/vendor/laravel/framework/src/Illuminate/Database/Schema/MySqlBuilder.php(18): Illuminate\\Database\\Connection->select()
#3 /mnt/c/Users/nk29t/Desktop/Eic/vendor/laravel/framework/src/Illuminate/Database/Migrations/DatabaseMigrationRepository.php(169): Illuminate\\Database\\Schema\\MySqlBuilder->hasTable()
#4 /mnt/c/Users/nk29t/Desktop/Eic/vendor/laravel/framework/src/Illuminate/Database/Migrations/Migrator.php(608): Illuminate\\Database\\Migrations\\DatabaseMigrationRepository->repositoryExists()
#5 /mnt/c/Users/nk29t/Desktop/Eic/vendor/laravel/framework/src/Illuminate/Database/Console/Migrations/MigrateCommand.php(93): Illuminate\\Database\\Migrations\\Migrator->repositoryExists()
#6 /mnt/c/Users/nk29t/Desktop/Eic/vendor/laravel/framework/src/Illuminate/Database/Console/Migrations/MigrateCommand.php(64): Illuminate\\Database\\Console\\Migrations\\MigrateCommand->prepareDatabase()
#7 /mnt/c/Users/nk29t/Desktop/Eic/vendor/laravel/framework/src/Illuminate/Database/Migrations/Migrator.php(541): Illuminate\\Database\\Console\\Migrations\\MigrateCommand->Illuminate\\Database\\Console\\Migrations\\{closure}()
#8 /mnt/c/Users/nk29t/Desktop/Eic/vendor/laravel/framework/src/Illuminate/Database/Console/Migrations/MigrateCommand.php(81): Illuminate\\Database\\Migrations\\Migrator->usingConnection()
#9 [internal function]: Illuminate\\Database\\Console\\Migrations\\MigrateCommand->handle()
#10 /mnt/c/Users/nk29t/Desktop/Eic/vendor/laravel/framework/src/Illuminate/Container/BoundMethod.php(37): call_user_func_array()
#11 /mnt/c/Users/nk29t/Desktop/Eic/vendor/laravel/framework/src/Illuminate/Container/Util.php(37): Illuminate\\Container\\BoundMethod::Illuminate\\Container\\{closure}()
#12 /mnt/c/Users/nk29t/Desktop/Eic/vendor/laravel/framework/src/Illuminate/Container/BoundMethod.php(95): Illuminate\\Container\\Util::unwrapIfClosure()
#13 /mnt/c/Users/nk29t/Desktop/Eic/vendor/laravel/framework/src/Illuminate/Container/BoundMethod.php(39): Illuminate\\Container\\BoundMethod::callBoundMethod()
#14 /mnt/c/Users/nk29t/Desktop/Eic/vendor/laravel/framework/src/Illuminate/Container/Container.php(596): Illuminate\\Container\\BoundMethod::call()
#15 /mnt/c/Users/nk29t/Desktop/Eic/vendor/laravel/framework/src/Illuminate/Console/Command.php(134): Illuminate\\Container\\Container->call()
#16 /mnt/c/Users/nk29t/Desktop/Eic/vendor/symfony/console/Command/Command.php(258): Illuminate\\Console\\Command->execute()
#17 /mnt/c/Users/nk29t/Desktop/Eic/vendor/laravel/framework/src/Illuminate/Console/Command.php(121): Symfony\\Component\\Console\\Command\\Command->run()
#18 /mnt/c/Users/nk29t/Desktop/Eic/vendor/symfony/console/Application.php(916): Illuminate\\Console\\Command->run()
#19 /mnt/c/Users/nk29t/Desktop/Eic/vendor/symfony/console/Application.php(264): Symfony\\Component\\Console\\Application->doRunCommand()
#20 /mnt/c/Users/nk29t/Desktop/Eic/vendor/symfony/console/Application.php(140): Symfony\\Component\\Console\\Application->doRun()
#21 /mnt/c/Users/nk29t/Desktop/Eic/vendor/laravel/framework/src/Illuminate/Console/Application.php(93): Symfony\\Component\\Console\\Application->run()
#22 /mnt/c/Users/nk29t/Desktop/Eic/vendor/laravel/framework/src/Illuminate/Foundation/Console/Kernel.php(129): Illuminate\\Console\\Application->run()
#23 /mnt/c/Users/nk29t/Desktop/Eic/artisan(37): Illuminate\\Foundation\\Console\\Kernel->handle()
#24 {main}

[previous exception] [object] (PDOException(code: 0): could not find driver at /mnt/c/Users/nk29t/Desktop/Eic/vendor/laravel/framework/src/Illuminate/Database/Connectors/Connector.php:70)
[stacktrace]
#0 /mnt/c/Users/nk29t/Desktop/Eic/vendor/laravel/framework/src/Illuminate/Database/Connectors/Connector.php(70): PDO->__construct()
#1 /mnt/c/Users/nk29t/Desktop/Eic/vendor/laravel/framework/src/Illuminate/Database/Connectors/Connector.php(46): Illuminate\\Database\\Connectors\\Connector->createPdoConnection()
#2 /mnt/c/Users/nk29t/Desktop/Eic/vendor/laravel/framework/src/Illuminate/Database/Connectors/MySqlConnector.php(24): Illuminate\\Database\\Connectors\\Connector->createConnection()
#3 /mnt/c/Users/nk29t/Desktop/Eic/vendor/laravel/framework/src/Illuminate/Database/Connectors/ConnectionFactory.php(184): Illuminate\\Database\\Connectors\\MySqlConnector->connect()
#4 [internal function]: Illuminate\\Database\\Connectors\\ConnectionFactory->Illuminate\\Database\\Connectors\\{closure}()
#5 /mnt/c/Users/nk29t/Desktop/Eic/vendor/laravel/framework/src/Illuminate/Database/Connection.php(926): call_user_func()
#6 /mnt/c/Users/nk29t/Desktop/Eic/vendor/laravel/framework/src/Illuminate/Database/Connection.php(961): Illuminate\\Database\\Connection->getPdo()
#7 /mnt/c/Users/nk29t/Desktop/Eic/vendor/laravel/framework/src/Illuminate/Database/Connection.php(405): Illuminate\\Database\\Connection->getReadPdo()
#8 /mnt/c/Users/nk29t/Desktop/Eic/vendor/laravel/framework/src/Illuminate/Database/Connection.php(331): Illuminate\\Database\\Connection->getPdoForSelect()
#9 /mnt/c/Users/nk29t/Desktop/Eic/vendor/laravel/framework/src/Illuminate/Database/Connection.php(664): Illuminate\\Database\\Connection->Illuminate\\Database\\{closure}()
#10 /mnt/c/Users/nk29t/Desktop/Eic/vendor/laravel/framework/src/Illuminate/Database/Connection.php(631): Illuminate\\Database\\Connection->runQueryCallback()
#11 /mnt/c/Users/nk29t/Desktop/Eic/vendor/laravel/framework/src/Illuminate/Database/Connection.php(339): Illuminate\\Database\\Connection->run()
#12 /mnt/c/Users/nk29t/Desktop/Eic/vendor/laravel/framework/src/Illuminate/Database/Schema/MySqlBuilder.php(18): Illuminate\\Database\\Connection->select()
#13 /mnt/c/Users/nk29t/Desktop/Eic/vendor/laravel/framework/src/Illuminate/Database/Migrations/DatabaseMigrationRepository.php(169): Illuminate\\Database\\Schema\\MySqlBuilder->hasTable()
#14 /mnt/c/Users/nk29t/Desktop/Eic/vendor/laravel/framework/src/Illuminate/Database/Migrations/Migrator.php(608): Illuminate\\Database\\Migrations\\DatabaseMigrationRepository->repositoryExists()
#15 /mnt/c/Users/nk29t/Desktop/Eic/vendor/laravel/framework/src/Illuminate/Database/Console/Migrations/MigrateCommand.php(93): Illuminate\\Database\\Migrations\\Migrator->repositoryExists()
#16 /mnt/c/Users/nk29t/Desktop/Eic/vendor/laravel/framework/src/Illuminate/Database/Console/Migrations/MigrateCommand.php(64): Illuminate\\Database\\Console\\Migrations\\MigrateCommand->prepareDatabase()
#17 /mnt/c/Users/nk29t/Desktop/Eic/vendor/laravel/framework/src/Illuminate/Database/Migrations/Migrator.php(541): Illuminate\\Database\\Console\\Migrations\\MigrateCommand->Illuminate\\Database\\Console\\Migrations\\{closure}()
#18 /mnt/c/Users/nk29t/Desktop/Eic/vendor/laravel/framework/src/Illuminate/Database/Console/Migrations/MigrateCommand.php(81): Illuminate\\Database\\Migrations\\Migrator->usingConnection()
#19 [internal function]: Illuminate\\Database\\Console\\Migrations\\MigrateCommand->handle()
#20 /mnt/c/Users/nk29t/Desktop/Eic/vendor/laravel/framework/src/Illuminate/Container/BoundMethod.php(37): call_user_func_array()
#21 /mnt/c/Users/nk29t/Desktop/Eic/vendor/laravel/framework/src/Illuminate/Container/Util.php(37): Illuminate\\Container\\BoundMethod::Illuminate\\Container\\{closure}()
#22 /mnt/c/Users/nk29t/Desktop/Eic/vendor/laravel/framework/src/Illuminate/Container/BoundMethod.php(95): Illuminate\\Container\\Util::unwrapIfClosure()
#23 /mnt/c/Users/nk29t/Desktop/Eic/vendor/laravel/framework/src/Illuminate/Container/BoundMethod.php(39): Illuminate\\Container\\BoundMethod::callBoundMethod()
#24 /mnt/c/Users/nk29t/Desktop/Eic/vendor/laravel/framework/src/Illuminate/Container/Container.php(596): Illuminate\\Container\\BoundMethod::call()
#25 /mnt/c/Users/nk29t/Desktop/Eic/vendor/laravel/framework/src/Illuminate/Console/Command.php(134): Illuminate\\Container\\Container->call()
#26 /mnt/c/Users/nk29t/Desktop/Eic/vendor/symfony/console/Command/Command.php(258): Illuminate\\Console\\Command->execute()
#27 /mnt/c/Users/nk29t/Desktop/Eic/vendor/laravel/framework/src/Illuminate/Console/Command.php(121): Symfony\\Component\\Console\\Command\\Command->run()
#28 /mnt/c/Users/nk29t/Desktop/Eic/vendor/symfony/console/Application.php(916): Illuminate\\Console\\Command->run()
#29 /mnt/c/Users/nk29t/Desktop/Eic/vendor/symfony/console/Application.php(264): Symfony\\Component\\Console\\Application->doRunCommand()
#30 /mnt/c/Users/nk29t/Desktop/Eic/vendor/symfony/console/Application.php(140): Symfony\\Component\\Console\\Application->doRun()
#31 /mnt/c/Users/nk29t/Desktop/Eic/vendor/laravel/framework/src/Illuminate/Console/Application.php(93): Symfony\\Component\\Console\\Application->run()
#32 /mnt/c/Users/nk29t/Desktop/Eic/vendor/laravel/framework/src/Illuminate/Foundation/Console/Kernel.php(129): Illuminate\\Console\\Application->run()
#33 /mnt/c/Users/nk29t/Desktop/Eic/artisan(37): Illuminate\\Foundation\\Console\\Kernel->handle()
#34 {main}
"} 
